<?xml version='1.0'?>
<ns2:test-suite xmlns:ns2='urn:model.allure.qatools.yandex.ru' start='1617298379481' stop='1617298382018'>
    <name>Test Contact Us form WebDriverUniversity</name>
    <title>Test Contact Us form WebDriverUniversity</title>
    <test-cases>
        <test-case start='1617298379482' status='broken' stop='1617298380112'>
            <name>Test1: Should be able to submit a successful submission via contact us form</name>
            <title>Test1: Should be able to submit a successful submission via contact us form</title>
            <labels>
                <label name='language' value='javascript'/>
                <label name='framework' value='wdio'/>
                <label name='thread' value='0-0'/>
            </labels>
            <parameters>
                <parameter kind='argument' name='browser' value='chrome-89.0.4389.114'/>
            </parameters>
            <steps/>
            <attachments/>
            <failure>
                <message>Cannot read property 'setValue' of undefined</message>
                <stack-trace>TypeError: Cannot read property 'setValue' of undefined
                    at ContactUs_Page.submitAllInformation (/Users/radu.fulea/Desktop/webdriverioFramework/pageObjects/ContactUs_Page.js:35:19)
                    at Context.&lt;anonymous> (/Users/radu.fulea/Desktop/webdriverioFramework/tests/contactUs_refactored_v2.js:9:20)</stack-trace>
            </failure>
        </test-case>
        <test-case start='1617298380113' status='broken' stop='1617298380422'>
            <name>Test2: Should not be able to submit a successful submission via contact us form  as all fields are required</name>
            <title>Test2: Should not be able to submit a successful submission via contact us form  as all fields are required</title>
            <labels>
                <label name='language' value='javascript'/>
                <label name='framework' value='wdio'/>
                <label name='thread' value='0-0'/>
            </labels>
            <parameters>
                <parameter kind='argument' name='browser' value='chrome-89.0.4389.114'/>
            </parameters>
            <steps/>
            <attachments/>
            <failure>
                <message>Cannot read property 'setValue' of undefined</message>
                <stack-trace>TypeError: Cannot read property 'setValue' of undefined
                    at ContactUs_Page.setLastName (/Users/radu.fulea/Desktop/webdriverioFramework/pageObjects/ContactUs_Page.js:15:24)
                    at Context.&lt;anonymous> (/Users/radu.fulea/Desktop/webdriverioFramework/tests/contactUs_refactored_v2.js:14:20)</stack-trace>
            </failure>
        </test-case>
        <test-case start='1617298380422' status='broken' stop='1617298381887'>
            <name>Test3: Should not be able to submit a successful submission via contact us form  as all fields are required</name>
            <title>Test3: Should not be able to submit a successful submission via contact us form  as all fields are required</title>
            <labels>
                <label name='language' value='javascript'/>
                <label name='framework' value='wdio'/>
                <label name='thread' value='0-0'/>
            </labels>
            <parameters>
                <parameter kind='argument' name='browser' value='chrome-89.0.4389.114'/>
            </parameters>
            <steps/>
            <attachments/>
            <failure>
                <message>unsuccessfulSubmissionHeader.getText is not a function</message>
                <stack-trace>TypeError: unsuccessfulSubmissionHeader.getText is not a function
                    at ContactUs_Page.confirmUnsuccessfulSubmission (/Users/radu.fulea/Desktop/webdriverioFramework/pageObjects/ContactUs_Page.js:59:52)
                    at Context.&lt;anonymous> (/Users/radu.fulea/Desktop/webdriverioFramework/tests/contactUs_refactored_v2.js:24:20)</stack-trace>
            </failure>
        </test-case>
        <test-case start='1617298381887' status='broken' stop='1617298382017'>
            <name>Test4: Should not be able to submit a successful submission via contact us form  as all fields are required</name>
            <title>Test4: Should not be able to submit a successful submission via contact us form  as all fields are required</title>
            <labels>
                <label name='language' value='javascript'/>
                <label name='framework' value='wdio'/>
                <label name='thread' value='0-0'/>
            </labels>
            <parameters>
                <parameter kind='argument' name='browser' value='chrome-89.0.4389.114'/>
            </parameters>
            <steps/>
            <attachments/>
            <failure>
                <message>Cannot read property 'setValue' of undefined</message>
                <stack-trace>TypeError: Cannot read property 'setValue' of undefined
                    at ContactUs_Page.setLastName (/Users/radu.fulea/Desktop/webdriverioFramework/pageObjects/ContactUs_Page.js:15:24)
                    at Context.&lt;anonymous> (/Users/radu.fulea/Desktop/webdriverioFramework/tests/contactUs_refactored_v2.js:29:20)</stack-trace>
            </failure>
        </test-case>
    </test-cases>
</ns2:test-suite>